



src/actions.ts(691,20): error TS7006: Parameter 'error' implicitly has an 'any' type.



src/actions.ts(711,17): error TS7006: Parameter 'dispatch' implicitly has an 'any' type.
node_modules/connected-react-router/index.d.ts(4,42): error TS7016: Could not find a declaration file for module 'react-redux'. '/home/user/code/ui/node_modules/react-redux/lib/index.js' implicitly has an 'any' type.
  Try `npm install @types/react-redux` if it exists or add a new declaration (.d.ts) file containing `declare module 'react-redux';`

node_modules/immutable/dist/immutable-nonambient.d.ts(187,20): error TS2430: Interface 'List<T>' incorrectly extends interface 'Indexed<T>'.
  Types of property 'concat' are incompatible.
    Type '<C>(...valuesOrCollections: (C | Iterable<C>)[]) => List<T | C>' is not assignable to type '<C>(...valuesOrCollections: (C | Iterable<C>)[]) => Indexed<T | C>'.
      Type 'List<T | C>' is not assignable to type 'Indexed<T | C>'.
        Types of property 'first' are incompatible.
          Type '() => T | C | undefined' is not assignable to type '<NSV>(notSetValue?: NSV | undefined) => T | C | NSV'.
            Type 'T | C | undefined' is not assignable to type 'T | C | NSV'.
              Type 'undefined' is not assignable to type 'T | C | NSV'.
